info it worked if it ends with ok
verbose cli [ 'node', '/usr/bin/npm', 'start' ]
info using npm@1.1.4
info using node@v0.6.12
verbose config file /home/areeb/.npmrc
verbose config file /usr/etc/npmrc
verbose config file /usr/share/npm/npmrc
verbose caching /media/062F599121A30317/Users/Areeb/Desktop/Dev/20thirty/package.json
verbose loadDefaults Portfolio@0.0.1
verbose run-script [ 'prestart', 'start', 'poststart' ]
info prestart Portfolio@0.0.1
info start Portfolio@0.0.1
verbose unsafe-perm in lifecycle true
silly exec sh "-c" "node ./bin/www"
silly spawning [ 'sh',
silly spawning   [ '-c', 'node ./bin/www' ],
silly spawning   '/media/062F599121A30317/Users/Areeb/Desktop/Dev/20thirty' ]
info Portfolio@0.0.1 Failed to exec start script
ERR! Portfolio@0.0.1 start: `node ./bin/www`
ERR! `sh "-c" "node ./bin/www"` failed with 1
ERR! 
ERR! Failed at the Portfolio@0.0.1 start script.
ERR! This is most likely a problem with the Portfolio package,
ERR! not with npm itself.
ERR! Tell the author that this fails on your system:
ERR!     node ./bin/www
ERR! You can get their info via:
ERR!     npm owner ls Portfolio
ERR! There is likely additional logging output above.
ERR! 
ERR! System Linux 3.2.0-70-generic
ERR! command "node" "/usr/bin/npm" "start"
ERR! cwd /media/062F599121A30317/Users/Areeb/Desktop/Dev/20thirty
ERR! node -v v0.6.12
ERR! npm -v 1.1.4
ERR! code ELIFECYCLE
ERR! message Portfolio@0.0.1 start: `node ./bin/www`
ERR! message `sh "-c" "node ./bin/www"` failed with 1
ERR! errno {}
verbose exit [ 1, true ]
